<html>
<head>
<title>TestNG:  Test</title>
<link href="../testng.css" rel="stylesheet" type="text/css" />
<link href="../my-testng.css" rel="stylesheet" type="text/css" />

<style type="text/css">
.log { display: none;} 
.stack-trace { display: none;} 
</style>
<script type="text/javascript">
<!--
function flip(e) {
  current = e.style.display;
  if (current == 'block') {
    e.style.display = 'none';
    return 0;
  }
  else {
    e.style.display = 'block';
    return 1;
  }
}

function toggleBox(szDivId, elem, msg1, msg2)
{
  var res = -1;  if (document.getElementById) {
    res = flip(document.getElementById(szDivId));
  }
  else if (document.all) {
    // this is the way old msie versions work
    res = flip(document.all[szDivId]);
  }
  if(elem) {
    if(res == 0) elem.innerHTML = msg1; else elem.innerHTML = msg2;
  }

}

function toggleAllBoxes() {
  if (document.getElementsByTagName) {
    d = document.getElementsByTagName('div');
    for (i = 0; i < d.length; i++) {
      if (d[i].className == 'log') {
        flip(d[i]);
      }
    }
  }
}

// -->
</script>

</head>
<body>
<h2 align='center'>Test</h2><table border='1' align="center">
<tr>
<td>Tests passed/Failed/Skipped:</td><td>23/3/0</td>
</tr><tr>
<td>Started on:</td><td>Mon Sep 22 11:51:10 EEST 2025</td>
</tr>
<tr><td>Total time:</td><td>201 seconds (201647 ms)</td>
</tr><tr>
<td>Included groups:</td><td></td>
</tr><tr>
<td>Excluded groups:</td><td></td>
</tr>
</table><p/>
<small><i>(Hover the method name to see the test class name)</i></small><p/>
<table width='100%' border='1' class='invocation-failed'>
<tr><td colspan='4' align='center'><b>FAILED TESTS</b></td></tr>
<tr><td><b>Test method</b></td>
<td><b>Attribute(s)</b></td>
<td width="30%"><b>Exception</b></td>
<td width="10%"><b>Time (seconds)</b></td>
<td><b>Instance</b></td>
</tr>
<tr>
<td title='QABootcamp_Maven.Redz_Mobile_Testing.SendMessageTest.testSendEmptyMessage()'><b>testSendEmptyMessage</b><br>Test class: QABootcamp_Maven.Redz_Mobile_Testing.SendMessageTest</td>
<td><div><pre>org.openqa.selenium.TimeoutException: Expected condition failed: waiting for element to be clickable: By.xpath: //android.view.View[@content-desc=&quot;explore_tab_bar&quot;] (tried for 15 second(s) with 500 milliseconds interval)
	at org.openqa.selenium.support.ui.WebDriverWait.timeoutException(WebDriverWait.java:95)
	at org.openqa.selenium.support.ui.FluentWait.until(FluentWait.java:272)
	at QABootcamp_Maven.Redz_Mobile_Testing.FollowUnfollowPage.openExplore(FollowUnfollowPage.java:34)
	at QABootcamp_Maven.Redz_Mobile_Testing.SendMessageTest.testSendEmptyMessage(SendMessageTest.java:37)
	at java.base/java.util.ArrayList.forEach(ArrayList.java:1511)
Caused by: org.openqa.selenium.NoSuchElementException: An element could not be located on the page using the given search parameters.
For documentation on this error, please visit: https://www.seleniumhq.org/exceptions/no_such_element.html
Build info: version: &apos;3.141.59&apos;, revision: &apos;e82be7d358&apos;, time: &apos;2018-11-14T08:17:03&apos;
System info: host: &apos;JO-SABET&apos;, ip: &apos;192.168.100.7&apos;, os.name: &apos;Windows 11&apos;, os.arch: &apos;amd64&apos;, os.version: &apos;10.0&apos;, java.version: &apos;17.0.12&apos;
Driver info: io.appium.java_client.android.AndroidDriver
Capabilities {appActivity: com.homyt.thex.MainActivity, appPackage: com.homyt.thex, automationName: UiAutomator2, databaseEnabled: false, desired: {appActivity: com.homyt.thex.MainActivity, appPackage: com.homyt.thex, automationName: UiAutomator2, deviceName: Mohammad, noReset: true, platformName: android}, deviceApiLevel: 36, deviceManufacturer: Google, deviceModel: sdk_gphone64_x86_64, deviceName: emulator-5554, deviceScreenDensity: 480, deviceScreenSize: 1344x2992, deviceUDID: emulator-5554, javascriptEnabled: true, locationContextEnabled: false, networkConnectionEnabled: true, noReset: true, pixelRatio: 3, platform: LINUX, platformName: Android, platformVersion: 16, statBarHeight: 151, takesScreenshot: true, viewportRect: {height: 2841, left: 0, top: 151, width: 1344}, warnings: {}, webStorageEnabled: false}
Session ID: 2397b409-1d4d-422f-bcad-657fee1b1628
*** Element info: {Using=xpath, value=//android.view.View[@content-desc=&quot;explore_tab_bar&quot;]}
	at org.openqa.selenium.remote.http.W3CHttpResponseCodec.createException(W3CHttpResponseCodec.java:187)
	at org.openqa.selenium.remote.http.W3CHttpResponseCodec.decode(W3CHttpResponseCodec.java:122)
	at org.openqa.selenium.remote.http.W3CHttpResponseCodec.decode(W3CHttpResponseCodec.java:49)
	at org.openqa.selenium.remote.HttpCommandExecutor.execute(HttpCommandExecutor.java:158)
	at io.appium.java_client.remote.AppiumCommandExecutor.execute(AppiumCommandExecutor.java:250)
	at org.openqa.selenium.remote.RemoteWebDriver.execute(RemoteWebDriver.java:552)
	at io.appium.java_client.DefaultGenericMobileDriver.execute(DefaultGenericMobileDriver.java:41)
	at io.appium.java_client.AppiumDriver.execute(AppiumDriver.java:1)
	at io.appium.java_client.android.AndroidDriver.execute(AndroidDriver.java:1)
	at org.openqa.selenium.remote.RemoteWebDriver.findElement(RemoteWebDriver.java:323)
	at io.appium.java_client.DefaultGenericMobileDriver.findElement(DefaultGenericMobileDriver.java:61)
	at io.appium.java_client.AppiumDriver.findElement(AppiumDriver.java:1)
	at io.appium.java_client.android.AndroidDriver.findElement(AndroidDriver.java:1)
	at org.openqa.selenium.remote.RemoteWebDriver.findElementByXPath(RemoteWebDriver.java:428)
	at io.appium.java_client.DefaultGenericMobileDriver.findElementByXPath(DefaultGenericMobileDriver.java:151)
	at io.appium.java_client.AppiumDriver.findElementByXPath(AppiumDriver.java:1)
	at io.appium.java_client.android.AndroidDriver.findElementByXPath(AndroidDriver.java:1)
	at org.openqa.selenium.By$ByXPath.findElement(By.java:353)
	at org.openqa.selenium.remote.RemoteWebDriver.findElement(RemoteWebDriver.java:315)
	at io.appium.java_client.DefaultGenericMobileDriver.findElement(DefaultGenericMobileDriver.java:57)
	at io.appium.java_client.AppiumDriver.findElement(AppiumDriver.java:1)
	at io.appium.java_client.android.AndroidDriver.findElement(AndroidDriver.java:1)
	at org.openqa.selenium.support.ui.ExpectedConditions$7.apply(ExpectedConditions.java:205)
	at org.openqa.selenium.support.ui.ExpectedConditions$7.apply(ExpectedConditions.java:201)
	at org.openqa.selenium.support.ui.ExpectedConditions$22.apply(ExpectedConditions.java:641)
	at org.openqa.selenium.support.ui.ExpectedConditions$22.apply(ExpectedConditions.java:638)
	at org.openqa.selenium.support.ui.FluentWait.until(FluentWait.java:249)
	... 30 more
... Removed 31 stack frames</pre></div><a href='#' onClick='toggleBox("stack-trace1328705686", this, "Click to show all stack frames", "Click to hide stack frames")'>Click to show all stack frames</a>
<div class='stack-trace' id='stack-trace1328705686'><pre>org.openqa.selenium.TimeoutException: Expected condition failed: waiting for element to be clickable: By.xpath: //android.view.View[@content-desc=&quot;explore_tab_bar&quot;] (tried for 15 second(s) with 500 milliseconds interval)
	at org.openqa.selenium.support.ui.WebDriverWait.timeoutException(WebDriverWait.java:95)
	at org.openqa.selenium.support.ui.FluentWait.until(FluentWait.java:272)
	at QABootcamp_Maven.Redz_Mobile_Testing.FollowUnfollowPage.openExplore(FollowUnfollowPage.java:34)
	at QABootcamp_Maven.Redz_Mobile_Testing.SendMessageTest.testSendEmptyMessage(SendMessageTest.java:37)
	at java.base/jdk.internal.reflect.NativeMethodAccessorImpl.invoke0(Native Method)
	at java.base/jdk.internal.reflect.NativeMethodAccessorImpl.invoke(NativeMethodAccessorImpl.java:77)
	at java.base/jdk.internal.reflect.DelegatingMethodAccessorImpl.invoke(DelegatingMethodAccessorImpl.java:43)
	at java.base/java.lang.reflect.Method.invoke(Method.java:568)
	at org.testng.internal.invokers.MethodInvocationHelper.invokeMethod(MethodInvocationHelper.java:141)
	at org.testng.internal.invokers.TestInvoker.invokeMethod(TestInvoker.java:687)
	at org.testng.internal.invokers.TestInvoker.invokeTestMethod(TestInvoker.java:230)
	at org.testng.internal.invokers.MethodRunner.runInSequence(MethodRunner.java:63)
	at org.testng.internal.invokers.TestInvoker$MethodInvocationAgent.invoke(TestInvoker.java:995)
	at org.testng.internal.invokers.TestInvoker.invokeTestMethods(TestInvoker.java:203)
	at org.testng.internal.invokers.TestMethodWorker.invokeTestMethods(TestMethodWorker.java:154)
	at org.testng.internal.invokers.TestMethodWorker.run(TestMethodWorker.java:134)
	at java.base/java.util.ArrayList.forEach(ArrayList.java:1511)
	at org.testng.TestRunner.privateRun(TestRunner.java:741)
	at org.testng.TestRunner.run(TestRunner.java:616)
	at org.testng.SuiteRunner.runTest(SuiteRunner.java:421)
	at org.testng.SuiteRunner.runSequentially(SuiteRunner.java:413)
	at org.testng.SuiteRunner.privateRun(SuiteRunner.java:373)
	at org.testng.SuiteRunner.run(SuiteRunner.java:312)
	at org.testng.SuiteRunnerWorker.runSuite(SuiteRunnerWorker.java:52)
	at org.testng.SuiteRunnerWorker.run(SuiteRunnerWorker.java:95)
	at org.testng.TestNG.runSuitesSequentially(TestNG.java:1274)
	at org.testng.TestNG.runSuitesLocally(TestNG.java:1208)
	at org.testng.TestNG.runSuites(TestNG.java:1112)
	at org.testng.TestNG.run(TestNG.java:1079)
	at org.testng.remote.AbstractRemoteTestNG.run(AbstractRemoteTestNG.java:115)
	at org.testng.remote.RemoteTestNG.initAndRun(RemoteTestNG.java:293)
	at org.testng.remote.RemoteTestNG.main(RemoteTestNG.java:91)
Caused by: org.openqa.selenium.NoSuchElementException: An element could not be located on the page using the given search parameters.
For documentation on this error, please visit: https://www.seleniumhq.org/exceptions/no_such_element.html
Build info: version: &apos;3.141.59&apos;, revision: &apos;e82be7d358&apos;, time: &apos;2018-11-14T08:17:03&apos;
System info: host: &apos;JO-SABET&apos;, ip: &apos;192.168.100.7&apos;, os.name: &apos;Windows 11&apos;, os.arch: &apos;amd64&apos;, os.version: &apos;10.0&apos;, java.version: &apos;17.0.12&apos;
Driver info: io.appium.java_client.android.AndroidDriver
Capabilities {appActivity: com.homyt.thex.MainActivity, appPackage: com.homyt.thex, automationName: UiAutomator2, databaseEnabled: false, desired: {appActivity: com.homyt.thex.MainActivity, appPackage: com.homyt.thex, automationName: UiAutomator2, deviceName: Mohammad, noReset: true, platformName: android}, deviceApiLevel: 36, deviceManufacturer: Google, deviceModel: sdk_gphone64_x86_64, deviceName: emulator-5554, deviceScreenDensity: 480, deviceScreenSize: 1344x2992, deviceUDID: emulator-5554, javascriptEnabled: true, locationContextEnabled: false, networkConnectionEnabled: true, noReset: true, pixelRatio: 3, platform: LINUX, platformName: Android, platformVersion: 16, statBarHeight: 151, takesScreenshot: true, viewportRect: {height: 2841, left: 0, top: 151, width: 1344}, warnings: {}, webStorageEnabled: false}
Session ID: 2397b409-1d4d-422f-bcad-657fee1b1628
*** Element info: {Using=xpath, value=//android.view.View[@content-desc=&quot;explore_tab_bar&quot;]}
	at jdk.internal.reflect.GeneratedConstructorAccessor11.newInstance(Unknown Source)
	at java.base/jdk.internal.reflect.DelegatingConstructorAccessorImpl.newInstance(DelegatingConstructorAccessorImpl.java:45)
	at java.base/java.lang.reflect.Constructor.newInstanceWithCaller(Constructor.java:499)
	at java.base/java.lang.reflect.Constructor.newInstance(Constructor.java:480)
	at org.openqa.selenium.remote.http.W3CHttpResponseCodec.createException(W3CHttpResponseCodec.java:187)
	at org.openqa.selenium.remote.http.W3CHttpResponseCodec.decode(W3CHttpResponseCodec.java:122)
	at org.openqa.selenium.remote.http.W3CHttpResponseCodec.decode(W3CHttpResponseCodec.java:49)
	at org.openqa.selenium.remote.HttpCommandExecutor.execute(HttpCommandExecutor.java:158)
	at io.appium.java_client.remote.AppiumCommandExecutor.execute(AppiumCommandExecutor.java:250)
	at org.openqa.selenium.remote.RemoteWebDriver.execute(RemoteWebDriver.java:552)
	at io.appium.java_client.DefaultGenericMobileDriver.execute(DefaultGenericMobileDriver.java:41)
	at io.appium.java_client.AppiumDriver.execute(AppiumDriver.java:1)
	at io.appium.java_client.android.AndroidDriver.execute(AndroidDriver.java:1)
	at org.openqa.selenium.remote.RemoteWebDriver.findElement(RemoteWebDriver.java:323)
	at io.appium.java_client.DefaultGenericMobileDriver.findElement(DefaultGenericMobileDriver.java:61)
	at io.appium.java_client.AppiumDriver.findElement(AppiumDriver.java:1)
	at io.appium.java_client.android.AndroidDriver.findElement(AndroidDriver.java:1)
	at org.openqa.selenium.remote.RemoteWebDriver.findElementByXPath(RemoteWebDriver.java:428)
	at io.appium.java_client.DefaultGenericMobileDriver.findElementByXPath(DefaultGenericMobileDriver.java:151)
	at io.appium.java_client.AppiumDriver.findElementByXPath(AppiumDriver.java:1)
	at io.appium.java_client.android.AndroidDriver.findElementByXPath(AndroidDriver.java:1)
	at org.openqa.selenium.By$ByXPath.findElement(By.java:353)
	at org.openqa.selenium.remote.RemoteWebDriver.findElement(RemoteWebDriver.java:315)
	at io.appium.java_client.DefaultGenericMobileDriver.findElement(DefaultGenericMobileDriver.java:57)
	at io.appium.java_client.AppiumDriver.findElement(AppiumDriver.java:1)
	at io.appium.java_client.android.AndroidDriver.findElement(AndroidDriver.java:1)
	at org.openqa.selenium.support.ui.ExpectedConditions$7.apply(ExpectedConditions.java:205)
	at org.openqa.selenium.support.ui.ExpectedConditions$7.apply(ExpectedConditions.java:201)
	at org.openqa.selenium.support.ui.ExpectedConditions$22.apply(ExpectedConditions.java:641)
	at org.openqa.selenium.support.ui.ExpectedConditions$22.apply(ExpectedConditions.java:638)
	at org.openqa.selenium.support.ui.FluentWait.until(FluentWait.java:249)
	... 30 more
</pre></div></td>
<td>15</td>
<td>QABootcamp_Maven.Redz_Mobile_Testing.SendMessageTest@408d971b</td></tr>
<tr>
<td title='QABootcamp_Maven.Redz_Mobile_Testing.Comment_Test.checkUnLikeComment()'><b>checkUnLikeComment</b><br>Test class: QABootcamp_Maven.Redz_Mobile_Testing.Comment_Test</td>
<td><div><pre>org.openqa.selenium.StaleElementReferenceException: Cached elements &apos;By.clazz: android.widget.TextView&apos; do not exist in DOM anymore
For documentation on this error, please visit: https://www.seleniumhq.org/exceptions/stale_element_reference.html
Build info: version: &apos;3.141.59&apos;, revision: &apos;e82be7d358&apos;, time: &apos;2018-11-14T08:17:03&apos;
System info: host: &apos;JO-SABET&apos;, ip: &apos;192.168.100.7&apos;, os.name: &apos;Windows 11&apos;, os.arch: &apos;amd64&apos;, os.version: &apos;10.0&apos;, java.version: &apos;17.0.12&apos;
Driver info: io.appium.java_client.android.AndroidDriver
Capabilities {appActivity: com.homyt.thex.MainActivity, appPackage: com.homyt.thex, automationName: UiAutomator2, databaseEnabled: false, desired: {appActivity: com.homyt.thex.MainActivity, appPackage: com.homyt.thex, automationName: UiAutomator2, deviceName: Mohammad, noReset: true, platformName: android}, deviceApiLevel: 36, deviceManufacturer: Google, deviceModel: sdk_gphone64_x86_64, deviceName: emulator-5554, deviceScreenDensity: 480, deviceScreenSize: 1344x2992, deviceUDID: emulator-5554, javascriptEnabled: true, locationContextEnabled: false, networkConnectionEnabled: true, noReset: true, pixelRatio: 3, platform: LINUX, platformName: Android, platformVersion: 16, statBarHeight: 151, takesScreenshot: true, viewportRect: {height: 2841, left: 0, top: 151, width: 1344}, warnings: {}, webStorageEnabled: false}
Session ID: 2397b409-1d4d-422f-bcad-657fee1b1628
	at org.openqa.selenium.remote.http.W3CHttpResponseCodec.createException(W3CHttpResponseCodec.java:187)
	at org.openqa.selenium.remote.http.W3CHttpResponseCodec.decode(W3CHttpResponseCodec.java:122)
	at org.openqa.selenium.remote.http.W3CHttpResponseCodec.decode(W3CHttpResponseCodec.java:49)
	at org.openqa.selenium.remote.HttpCommandExecutor.execute(HttpCommandExecutor.java:158)
	at io.appium.java_client.remote.AppiumCommandExecutor.execute(AppiumCommandExecutor.java:250)
	at org.openqa.selenium.remote.RemoteWebDriver.execute(RemoteWebDriver.java:552)
	at io.appium.java_client.DefaultGenericMobileDriver.execute(DefaultGenericMobileDriver.java:41)
	at io.appium.java_client.AppiumDriver.execute(AppiumDriver.java:1)
	at io.appium.java_client.android.AndroidDriver.execute(AndroidDriver.java:1)
	at org.openqa.selenium.remote.RemoteWebElement.execute(RemoteWebElement.java:285)
	at io.appium.java_client.DefaultGenericMobileElement.execute(DefaultGenericMobileElement.java:45)
	at io.appium.java_client.MobileElement.execute(MobileElement.java:1)
	at io.appium.java_client.android.AndroidElement.execute(AndroidElement.java:1)
	at org.openqa.selenium.remote.RemoteWebElement.getText(RemoteWebElement.java:166)
	at QABootcamp_Maven.Redz_Mobile_Testing.Comment.hasLikes(Comment.java:118)
	at QABootcamp_Maven.Redz_Mobile_Testing.Comment_Test.checkUnLikeComment(Comment_Test.java:54)
	at java.base/java.util.ArrayList.forEach(ArrayList.java:1511)
... Removed 32 stack frames</pre></div><a href='#' onClick='toggleBox("stack-trace1213419524", this, "Click to show all stack frames", "Click to hide stack frames")'>Click to show all stack frames</a>
<div class='stack-trace' id='stack-trace1213419524'><pre>org.openqa.selenium.StaleElementReferenceException: Cached elements &apos;By.clazz: android.widget.TextView&apos; do not exist in DOM anymore
For documentation on this error, please visit: https://www.seleniumhq.org/exceptions/stale_element_reference.html
Build info: version: &apos;3.141.59&apos;, revision: &apos;e82be7d358&apos;, time: &apos;2018-11-14T08:17:03&apos;
System info: host: &apos;JO-SABET&apos;, ip: &apos;192.168.100.7&apos;, os.name: &apos;Windows 11&apos;, os.arch: &apos;amd64&apos;, os.version: &apos;10.0&apos;, java.version: &apos;17.0.12&apos;
Driver info: io.appium.java_client.android.AndroidDriver
Capabilities {appActivity: com.homyt.thex.MainActivity, appPackage: com.homyt.thex, automationName: UiAutomator2, databaseEnabled: false, desired: {appActivity: com.homyt.thex.MainActivity, appPackage: com.homyt.thex, automationName: UiAutomator2, deviceName: Mohammad, noReset: true, platformName: android}, deviceApiLevel: 36, deviceManufacturer: Google, deviceModel: sdk_gphone64_x86_64, deviceName: emulator-5554, deviceScreenDensity: 480, deviceScreenSize: 1344x2992, deviceUDID: emulator-5554, javascriptEnabled: true, locationContextEnabled: false, networkConnectionEnabled: true, noReset: true, pixelRatio: 3, platform: LINUX, platformName: Android, platformVersion: 16, statBarHeight: 151, takesScreenshot: true, viewportRect: {height: 2841, left: 0, top: 151, width: 1344}, warnings: {}, webStorageEnabled: false}
Session ID: 2397b409-1d4d-422f-bcad-657fee1b1628
	at java.base/jdk.internal.reflect.NativeConstructorAccessorImpl.newInstance0(Native Method)
	at java.base/jdk.internal.reflect.NativeConstructorAccessorImpl.newInstance(NativeConstructorAccessorImpl.java:77)
	at java.base/jdk.internal.reflect.DelegatingConstructorAccessorImpl.newInstance(DelegatingConstructorAccessorImpl.java:45)
	at java.base/java.lang.reflect.Constructor.newInstanceWithCaller(Constructor.java:499)
	at java.base/java.lang.reflect.Constructor.newInstance(Constructor.java:480)
	at org.openqa.selenium.remote.http.W3CHttpResponseCodec.createException(W3CHttpResponseCodec.java:187)
	at org.openqa.selenium.remote.http.W3CHttpResponseCodec.decode(W3CHttpResponseCodec.java:122)
	at org.openqa.selenium.remote.http.W3CHttpResponseCodec.decode(W3CHttpResponseCodec.java:49)
	at org.openqa.selenium.remote.HttpCommandExecutor.execute(HttpCommandExecutor.java:158)
	at io.appium.java_client.remote.AppiumCommandExecutor.execute(AppiumCommandExecutor.java:250)
	at org.openqa.selenium.remote.RemoteWebDriver.execute(RemoteWebDriver.java:552)
	at io.appium.java_client.DefaultGenericMobileDriver.execute(DefaultGenericMobileDriver.java:41)
	at io.appium.java_client.AppiumDriver.execute(AppiumDriver.java:1)
	at io.appium.java_client.android.AndroidDriver.execute(AndroidDriver.java:1)
	at org.openqa.selenium.remote.RemoteWebElement.execute(RemoteWebElement.java:285)
	at io.appium.java_client.DefaultGenericMobileElement.execute(DefaultGenericMobileElement.java:45)
	at io.appium.java_client.MobileElement.execute(MobileElement.java:1)
	at io.appium.java_client.android.AndroidElement.execute(AndroidElement.java:1)
	at org.openqa.selenium.remote.RemoteWebElement.getText(RemoteWebElement.java:166)
	at QABootcamp_Maven.Redz_Mobile_Testing.Comment.hasLikes(Comment.java:118)
	at QABootcamp_Maven.Redz_Mobile_Testing.Comment_Test.checkUnLikeComment(Comment_Test.java:54)
	at java.base/jdk.internal.reflect.NativeMethodAccessorImpl.invoke0(Native Method)
	at java.base/jdk.internal.reflect.NativeMethodAccessorImpl.invoke(NativeMethodAccessorImpl.java:77)
	at java.base/jdk.internal.reflect.DelegatingMethodAccessorImpl.invoke(DelegatingMethodAccessorImpl.java:43)
	at java.base/java.lang.reflect.Method.invoke(Method.java:568)
	at org.testng.internal.invokers.MethodInvocationHelper.invokeMethod(MethodInvocationHelper.java:141)
	at org.testng.internal.invokers.TestInvoker.invokeMethod(TestInvoker.java:687)
	at org.testng.internal.invokers.TestInvoker.invokeTestMethod(TestInvoker.java:230)
	at org.testng.internal.invokers.MethodRunner.runInSequence(MethodRunner.java:63)
	at org.testng.internal.invokers.TestInvoker$MethodInvocationAgent.invoke(TestInvoker.java:995)
	at org.testng.internal.invokers.TestInvoker.invokeTestMethods(TestInvoker.java:203)
	at org.testng.internal.invokers.TestMethodWorker.invokeTestMethods(TestMethodWorker.java:154)
	at org.testng.internal.invokers.TestMethodWorker.run(TestMethodWorker.java:134)
	at java.base/java.util.ArrayList.forEach(ArrayList.java:1511)
	at org.testng.TestRunner.privateRun(TestRunner.java:741)
	at org.testng.TestRunner.run(TestRunner.java:616)
	at org.testng.SuiteRunner.runTest(SuiteRunner.java:421)
	at org.testng.SuiteRunner.runSequentially(SuiteRunner.java:413)
	at org.testng.SuiteRunner.privateRun(SuiteRunner.java:373)
	at org.testng.SuiteRunner.run(SuiteRunner.java:312)
	at org.testng.SuiteRunnerWorker.runSuite(SuiteRunnerWorker.java:52)
	at org.testng.SuiteRunnerWorker.run(SuiteRunnerWorker.java:95)
	at org.testng.TestNG.runSuitesSequentially(TestNG.java:1274)
	at org.testng.TestNG.runSuitesLocally(TestNG.java:1208)
	at org.testng.TestNG.runSuites(TestNG.java:1112)
	at org.testng.TestNG.run(TestNG.java:1079)
	at org.testng.remote.AbstractRemoteTestNG.run(AbstractRemoteTestNG.java:115)
	at org.testng.remote.RemoteTestNG.initAndRun(RemoteTestNG.java:293)
	at org.testng.remote.RemoteTestNG.main(RemoteTestNG.java:91)
</pre></div></td>
<td>5</td>
<td>QABootcamp_Maven.Redz_Mobile_Testing.Comment_Test@7c7a06ec</td></tr>
<tr>
<td title='QABootcamp_Maven.Redz_Mobile_Testing.SendMessageTest.testSendMessageValid()'><b>testSendMessageValid</b><br>Test class: QABootcamp_Maven.Redz_Mobile_Testing.SendMessageTest</td>
<td><div><pre>org.openqa.selenium.NoSuchElementException: An element could not be located on the page using the given search parameters.
For documentation on this error, please visit: https://www.seleniumhq.org/exceptions/no_such_element.html
Build info: version: &apos;3.141.59&apos;, revision: &apos;e82be7d358&apos;, time: &apos;2018-11-14T08:17:03&apos;
System info: host: &apos;JO-SABET&apos;, ip: &apos;192.168.100.7&apos;, os.name: &apos;Windows 11&apos;, os.arch: &apos;amd64&apos;, os.version: &apos;10.0&apos;, java.version: &apos;17.0.12&apos;
Driver info: io.appium.java_client.android.AndroidDriver
Capabilities {appActivity: com.homyt.thex.MainActivity, appPackage: com.homyt.thex, automationName: UiAutomator2, databaseEnabled: false, desired: {appActivity: com.homyt.thex.MainActivity, appPackage: com.homyt.thex, automationName: UiAutomator2, deviceName: Mohammad, noReset: true, platformName: android}, deviceApiLevel: 36, deviceManufacturer: Google, deviceModel: sdk_gphone64_x86_64, deviceName: emulator-5554, deviceScreenDensity: 480, deviceScreenSize: 1344x2992, deviceUDID: emulator-5554, javascriptEnabled: true, locationContextEnabled: false, networkConnectionEnabled: true, noReset: true, pixelRatio: 3, platform: LINUX, platformName: Android, platformVersion: 16, statBarHeight: 151, takesScreenshot: true, viewportRect: {height: 2841, left: 0, top: 151, width: 1344}, warnings: {}, webStorageEnabled: false}
Session ID: 2397b409-1d4d-422f-bcad-657fee1b1628
*** Element info: {Using=xpath, value=//android.widget.EditText}
	at org.openqa.selenium.remote.http.W3CHttpResponseCodec.createException(W3CHttpResponseCodec.java:187)
	at org.openqa.selenium.remote.http.W3CHttpResponseCodec.decode(W3CHttpResponseCodec.java:122)
	at org.openqa.selenium.remote.http.W3CHttpResponseCodec.decode(W3CHttpResponseCodec.java:49)
	at org.openqa.selenium.remote.HttpCommandExecutor.execute(HttpCommandExecutor.java:158)
	at io.appium.java_client.remote.AppiumCommandExecutor.execute(AppiumCommandExecutor.java:250)
	at org.openqa.selenium.remote.RemoteWebDriver.execute(RemoteWebDriver.java:552)
	at io.appium.java_client.DefaultGenericMobileDriver.execute(DefaultGenericMobileDriver.java:41)
	at io.appium.java_client.AppiumDriver.execute(AppiumDriver.java:1)
	at io.appium.java_client.android.AndroidDriver.execute(AndroidDriver.java:1)
	at org.openqa.selenium.remote.RemoteWebDriver.findElement(RemoteWebDriver.java:323)
	at io.appium.java_client.DefaultGenericMobileDriver.findElement(DefaultGenericMobileDriver.java:61)
	at io.appium.java_client.AppiumDriver.findElement(AppiumDriver.java:1)
	at io.appium.java_client.android.AndroidDriver.findElement(AndroidDriver.java:1)
	at org.openqa.selenium.remote.RemoteWebDriver.findElementByXPath(RemoteWebDriver.java:428)
	at io.appium.java_client.DefaultGenericMobileDriver.findElementByXPath(DefaultGenericMobileDriver.java:151)
	at io.appium.java_client.AppiumDriver.findElementByXPath(AppiumDriver.java:1)
	at io.appium.java_client.android.AndroidDriver.findElementByXPath(AndroidDriver.java:1)
	at org.openqa.selenium.By$ByXPath.findElement(By.java:353)
	at org.openqa.selenium.remote.RemoteWebDriver.findElement(RemoteWebDriver.java:315)
	at io.appium.java_client.DefaultGenericMobileDriver.findElement(DefaultGenericMobileDriver.java:57)
	at io.appium.java_client.AppiumDriver.findElement(AppiumDriver.java:1)
	at io.appium.java_client.android.AndroidDriver.findElement(AndroidDriver.java:1)
	at QABootcamp_Maven.Redz_Mobile_Testing.SendMessagePage.writeMessage(SendMessagePage.java:40)
	at QABootcamp_Maven.Redz_Mobile_Testing.SendMessageTest.testSendMessageValid(SendMessageTest.java:28)
	at java.base/java.util.ArrayList.forEach(ArrayList.java:1511)
... Removed 31 stack frames</pre></div><a href='#' onClick='toggleBox("stack-trace1501688998", this, "Click to show all stack frames", "Click to hide stack frames")'>Click to show all stack frames</a>
<div class='stack-trace' id='stack-trace1501688998'><pre>org.openqa.selenium.NoSuchElementException: An element could not be located on the page using the given search parameters.
For documentation on this error, please visit: https://www.seleniumhq.org/exceptions/no_such_element.html
Build info: version: &apos;3.141.59&apos;, revision: &apos;e82be7d358&apos;, time: &apos;2018-11-14T08:17:03&apos;
System info: host: &apos;JO-SABET&apos;, ip: &apos;192.168.100.7&apos;, os.name: &apos;Windows 11&apos;, os.arch: &apos;amd64&apos;, os.version: &apos;10.0&apos;, java.version: &apos;17.0.12&apos;
Driver info: io.appium.java_client.android.AndroidDriver
Capabilities {appActivity: com.homyt.thex.MainActivity, appPackage: com.homyt.thex, automationName: UiAutomator2, databaseEnabled: false, desired: {appActivity: com.homyt.thex.MainActivity, appPackage: com.homyt.thex, automationName: UiAutomator2, deviceName: Mohammad, noReset: true, platformName: android}, deviceApiLevel: 36, deviceManufacturer: Google, deviceModel: sdk_gphone64_x86_64, deviceName: emulator-5554, deviceScreenDensity: 480, deviceScreenSize: 1344x2992, deviceUDID: emulator-5554, javascriptEnabled: true, locationContextEnabled: false, networkConnectionEnabled: true, noReset: true, pixelRatio: 3, platform: LINUX, platformName: Android, platformVersion: 16, statBarHeight: 151, takesScreenshot: true, viewportRect: {height: 2841, left: 0, top: 151, width: 1344}, warnings: {}, webStorageEnabled: false}
Session ID: 2397b409-1d4d-422f-bcad-657fee1b1628
*** Element info: {Using=xpath, value=//android.widget.EditText}
	at jdk.internal.reflect.GeneratedConstructorAccessor11.newInstance(Unknown Source)
	at java.base/jdk.internal.reflect.DelegatingConstructorAccessorImpl.newInstance(DelegatingConstructorAccessorImpl.java:45)
	at java.base/java.lang.reflect.Constructor.newInstanceWithCaller(Constructor.java:499)
	at java.base/java.lang.reflect.Constructor.newInstance(Constructor.java:480)
	at org.openqa.selenium.remote.http.W3CHttpResponseCodec.createException(W3CHttpResponseCodec.java:187)
	at org.openqa.selenium.remote.http.W3CHttpResponseCodec.decode(W3CHttpResponseCodec.java:122)
	at org.openqa.selenium.remote.http.W3CHttpResponseCodec.decode(W3CHttpResponseCodec.java:49)
	at org.openqa.selenium.remote.HttpCommandExecutor.execute(HttpCommandExecutor.java:158)
	at io.appium.java_client.remote.AppiumCommandExecutor.execute(AppiumCommandExecutor.java:250)
	at org.openqa.selenium.remote.RemoteWebDriver.execute(RemoteWebDriver.java:552)
	at io.appium.java_client.DefaultGenericMobileDriver.execute(DefaultGenericMobileDriver.java:41)
	at io.appium.java_client.AppiumDriver.execute(AppiumDriver.java:1)
	at io.appium.java_client.android.AndroidDriver.execute(AndroidDriver.java:1)
	at org.openqa.selenium.remote.RemoteWebDriver.findElement(RemoteWebDriver.java:323)
	at io.appium.java_client.DefaultGenericMobileDriver.findElement(DefaultGenericMobileDriver.java:61)
	at io.appium.java_client.AppiumDriver.findElement(AppiumDriver.java:1)
	at io.appium.java_client.android.AndroidDriver.findElement(AndroidDriver.java:1)
	at org.openqa.selenium.remote.RemoteWebDriver.findElementByXPath(RemoteWebDriver.java:428)
	at io.appium.java_client.DefaultGenericMobileDriver.findElementByXPath(DefaultGenericMobileDriver.java:151)
	at io.appium.java_client.AppiumDriver.findElementByXPath(AppiumDriver.java:1)
	at io.appium.java_client.android.AndroidDriver.findElementByXPath(AndroidDriver.java:1)
	at org.openqa.selenium.By$ByXPath.findElement(By.java:353)
	at org.openqa.selenium.remote.RemoteWebDriver.findElement(RemoteWebDriver.java:315)
	at io.appium.java_client.DefaultGenericMobileDriver.findElement(DefaultGenericMobileDriver.java:57)
	at io.appium.java_client.AppiumDriver.findElement(AppiumDriver.java:1)
	at io.appium.java_client.android.AndroidDriver.findElement(AndroidDriver.java:1)
	at QABootcamp_Maven.Redz_Mobile_Testing.SendMessagePage.writeMessage(SendMessagePage.java:40)
	at QABootcamp_Maven.Redz_Mobile_Testing.SendMessageTest.testSendMessageValid(SendMessageTest.java:28)
	at java.base/jdk.internal.reflect.NativeMethodAccessorImpl.invoke0(Native Method)
	at java.base/jdk.internal.reflect.NativeMethodAccessorImpl.invoke(NativeMethodAccessorImpl.java:77)
	at java.base/jdk.internal.reflect.DelegatingMethodAccessorImpl.invoke(DelegatingMethodAccessorImpl.java:43)
	at java.base/java.lang.reflect.Method.invoke(Method.java:568)
	at org.testng.internal.invokers.MethodInvocationHelper.invokeMethod(MethodInvocationHelper.java:141)
	at org.testng.internal.invokers.TestInvoker.invokeMethod(TestInvoker.java:687)
	at org.testng.internal.invokers.TestInvoker.invokeTestMethod(TestInvoker.java:230)
	at org.testng.internal.invokers.MethodRunner.runInSequence(MethodRunner.java:63)
	at org.testng.internal.invokers.TestInvoker$MethodInvocationAgent.invoke(TestInvoker.java:995)
	at org.testng.internal.invokers.TestInvoker.invokeTestMethods(TestInvoker.java:203)
	at org.testng.internal.invokers.TestMethodWorker.invokeTestMethods(TestMethodWorker.java:154)
	at org.testng.internal.invokers.TestMethodWorker.run(TestMethodWorker.java:134)
	at java.base/java.util.ArrayList.forEach(ArrayList.java:1511)
	at org.testng.TestRunner.privateRun(TestRunner.java:741)
	at org.testng.TestRunner.run(TestRunner.java:616)
	at org.testng.SuiteRunner.runTest(SuiteRunner.java:421)
	at org.testng.SuiteRunner.runSequentially(SuiteRunner.java:413)
	at org.testng.SuiteRunner.privateRun(SuiteRunner.java:373)
	at org.testng.SuiteRunner.run(SuiteRunner.java:312)
	at org.testng.SuiteRunnerWorker.runSuite(SuiteRunnerWorker.java:52)
	at org.testng.SuiteRunnerWorker.run(SuiteRunnerWorker.java:95)
	at org.testng.TestNG.runSuitesSequentially(TestNG.java:1274)
	at org.testng.TestNG.runSuitesLocally(TestNG.java:1208)
	at org.testng.TestNG.runSuites(TestNG.java:1112)
	at org.testng.TestNG.run(TestNG.java:1079)
	at org.testng.remote.AbstractRemoteTestNG.run(AbstractRemoteTestNG.java:115)
	at org.testng.remote.RemoteTestNG.initAndRun(RemoteTestNG.java:293)
	at org.testng.remote.RemoteTestNG.main(RemoteTestNG.java:91)
</pre></div></td>
<td>11</td>
<td>QABootcamp_Maven.Redz_Mobile_Testing.SendMessageTest@408d971b</td></tr>
</table><p>
<table width='100%' border='1' class='invocation-passed'>
<tr><td colspan='4' align='center'><b>PASSED TESTS</b></td></tr>
<tr><td><b>Test method</b></td>
<td><b>Attribute(s)</b></td>
<td width="30%"><b>Exception</b></td>
<td width="10%"><b>Time (seconds)</b></td>
<td><b>Instance</b></td>
</tr>
<tr>
<td title='QABootcamp_Maven.Redz_Mobile_Testing.Comment_Test.checkDeleteComment()'><b>checkDeleteComment</b><br>Test class: QABootcamp_Maven.Redz_Mobile_Testing.Comment_Test</td>
<td></td>
<td>10</td>
<td>QABootcamp_Maven.Redz_Mobile_Testing.Comment_Test@7c7a06ec</td></tr>
<tr>
<td title='QABootcamp_Maven.Redz_Mobile_Testing.LogInTest.logIn()'><b>logIn</b><br>Test class: QABootcamp_Maven.Redz_Mobile_Testing.LogInTest<br>Parameters: test@gmail.com, te!</td>
<td></td>
<td>13</td>
<td>QABootcamp_Maven.Redz_Mobile_Testing.LogInTest@62379589</td></tr>
<tr>
<td title='QABootcamp_Maven.Redz_Mobile_Testing.Comment_Test.checkReplayComment()'><b>checkReplayComment</b><br>Test class: QABootcamp_Maven.Redz_Mobile_Testing.Comment_Test</td>
<td></td>
<td>3</td>
<td>QABootcamp_Maven.Redz_Mobile_Testing.Comment_Test@7c7a06ec</td></tr>
<tr>
<td title='QABootcamp_Maven.Redz_Mobile_Testing.Comment_Test.checkNestidReplayComment()'><b>checkNestidReplayComment</b><br>Test class: QABootcamp_Maven.Redz_Mobile_Testing.Comment_Test</td>
<td></td>
<td>2</td>
<td>QABootcamp_Maven.Redz_Mobile_Testing.Comment_Test@7c7a06ec</td></tr>
<tr>
<td title='QABootcamp_Maven.Redz_Mobile_Testing.FollowUnfollowTest.testFollowValidUser()'><b>testFollowValidUser</b><br>Test class: QABootcamp_Maven.Redz_Mobile_Testing.FollowUnfollowTest</td>
<td></td>
<td>13</td>
<td>QABootcamp_Maven.Redz_Mobile_Testing.FollowUnfollowTest@75d4a5c2</td></tr>
<tr>
<td title='QABootcamp_Maven.Redz_Mobile_Testing.FollowUnfollowTest.testFollowInvalidUser()'><b>testFollowInvalidUser</b><br>Test class: QABootcamp_Maven.Redz_Mobile_Testing.FollowUnfollowTest</td>
<td></td>
<td>3</td>
<td>QABootcamp_Maven.Redz_Mobile_Testing.FollowUnfollowTest@75d4a5c2</td></tr>
<tr>
<td title='QABootcamp_Maven.Redz_Mobile_Testing.ChangeLocationTest.testChangeLocationBlankField()'><b>testChangeLocationBlankField</b><br>Test class: QABootcamp_Maven.Redz_Mobile_Testing.ChangeLocationTest</td>
<td></td>
<td>5</td>
<td>QABootcamp_Maven.Redz_Mobile_Testing.ChangeLocationTest@557caf28</td></tr>
<tr>
<td title='QABootcamp_Maven.Redz_Mobile_Testing.LogInTest.logIn()'><b>logIn</b><br>Test class: QABootcamp_Maven.Redz_Mobile_Testing.LogInTest<br>Parameters: momoana4869@gmail.com, momo4869</td>
<td></td>
<td>2</td>
<td>QABootcamp_Maven.Redz_Mobile_Testing.LogInTest@62379589</td></tr>
<tr>
<td title='QABootcamp_Maven.Redz_Mobile_Testing.LogInTest.logIn()'><b>logIn</b><br>Test class: QABootcamp_Maven.Redz_Mobile_Testing.LogInTest<br>Parameters: , linashaq</td>
<td></td>
<td>5</td>
<td>QABootcamp_Maven.Redz_Mobile_Testing.LogInTest@62379589</td></tr>
<tr>
<td title='QABootcamp_Maven.Redz_Mobile_Testing.Comment_Test.checkLikeComment()'><b>checkLikeComment</b><br>Test class: QABootcamp_Maven.Redz_Mobile_Testing.Comment_Test</td>
<td></td>
<td>7</td>
<td>QABootcamp_Maven.Redz_Mobile_Testing.Comment_Test@7c7a06ec</td></tr>
<tr>
<td title='QABootcamp_Maven.Redz_Mobile_Testing.Comment_Test.checkSaveVideo()'><b>checkSaveVideo</b><br>Test class: QABootcamp_Maven.Redz_Mobile_Testing.Comment_Test</td>
<td></td>
<td>3</td>
<td>QABootcamp_Maven.Redz_Mobile_Testing.Comment_Test@7c7a06ec</td></tr>
<tr>
<td title='QABootcamp_Maven.Redz_Mobile_Testing.Like_Test.checkUnLikeVideo()'><b>checkUnLikeVideo</b><br>Test class: QABootcamp_Maven.Redz_Mobile_Testing.Like_Test</td>
<td></td>
<td>2</td>
<td>QABootcamp_Maven.Redz_Mobile_Testing.Like_Test@1d296da</td></tr>
<tr>
<td title='QABootcamp_Maven.Redz_Mobile_Testing.LogInTest.logIn()'><b>logIn</b><br>Test class: QABootcamp_Maven.Redz_Mobile_Testing.LogInTest<br>Parameters: shaqouralina, </td>
<td></td>
<td>6</td>
<td>QABootcamp_Maven.Redz_Mobile_Testing.LogInTest@62379589</td></tr>
<tr>
<td title='QABootcamp_Maven.Redz_Mobile_Testing.Comment_Test.checkAddComment()'><b>checkAddComment</b><br>Test class: QABootcamp_Maven.Redz_Mobile_Testing.Comment_Test</td>
<td></td>
<td>6</td>
<td>QABootcamp_Maven.Redz_Mobile_Testing.Comment_Test@7c7a06ec</td></tr>
<tr>
<td title='QABootcamp_Maven.Redz_Mobile_Testing.Comment_Test.checkSendVideo()'><b>checkSendVideo</b><br>Test class: QABootcamp_Maven.Redz_Mobile_Testing.Comment_Test</td>
<td></td>
<td>5</td>
<td>QABootcamp_Maven.Redz_Mobile_Testing.Comment_Test@7c7a06ec</td></tr>
<tr>
<td title='QABootcamp_Maven.Redz_Mobile_Testing.ChangeLocationTest.testChangeLocationInvalidChars()'><b>testChangeLocationInvalidChars</b><br>Test class: QABootcamp_Maven.Redz_Mobile_Testing.ChangeLocationTest</td>
<td></td>
<td>7</td>
<td>QABootcamp_Maven.Redz_Mobile_Testing.ChangeLocationTest@557caf28</td></tr>
<tr>
<td title='QABootcamp_Maven.Redz_Mobile_Testing.LogInTest.logIn()'><b>logIn</b><br>Test class: QABootcamp_Maven.Redz_Mobile_Testing.LogInTest<br>Parameters: , </td>
<td></td>
<td>5</td>
<td>QABootcamp_Maven.Redz_Mobile_Testing.LogInTest@62379589</td></tr>
<tr>
<td title='QABootcamp_Maven.Redz_Mobile_Testing.FollowUnfollowTest.testUnfollowUser()'><b>testUnfollowUser</b><br>Test class: QABootcamp_Maven.Redz_Mobile_Testing.FollowUnfollowTest</td>
<td></td>
<td>13</td>
<td>QABootcamp_Maven.Redz_Mobile_Testing.FollowUnfollowTest@75d4a5c2</td></tr>
<tr>
<td title='QABootcamp_Maven.Redz_Mobile_Testing.Like_Test.checkLikeVideo()'><b>checkLikeVideo</b><br>Test class: QABootcamp_Maven.Redz_Mobile_Testing.Like_Test</td>
<td></td>
<td>9</td>
<td>QABootcamp_Maven.Redz_Mobile_Testing.Like_Test@1d296da</td></tr>
<tr>
<td title='QABootcamp_Maven.Redz_Mobile_Testing.ChangeLocationTest.testChangeLocationValid()'><b>testChangeLocationValid</b><br>Test class: QABootcamp_Maven.Redz_Mobile_Testing.ChangeLocationTest</td>
<td></td>
<td>12</td>
<td>QABootcamp_Maven.Redz_Mobile_Testing.ChangeLocationTest@557caf28</td></tr>
<tr>
<td title='QABootcamp_Maven.Redz_Mobile_Testing.Comment_Test.checkUpdateComment()'><b>checkUpdateComment</b><br>Test class: QABootcamp_Maven.Redz_Mobile_Testing.Comment_Test</td>
<td></td>
<td>8</td>
<td>QABootcamp_Maven.Redz_Mobile_Testing.Comment_Test@7c7a06ec</td></tr>
<tr>
<td title='QABootcamp_Maven.Redz_Mobile_Testing.ChangeLocationTest.testChangeLocationUIUpdate()'><b>testChangeLocationUIUpdate</b><br>Test class: QABootcamp_Maven.Redz_Mobile_Testing.ChangeLocationTest</td>
<td></td>
<td>8</td>
<td>QABootcamp_Maven.Redz_Mobile_Testing.ChangeLocationTest@557caf28</td></tr>
<tr>
<td title='QABootcamp_Maven.Redz_Mobile_Testing.Comment_Test.checkUnSaveVideo()'><b>checkUnSaveVideo</b><br>Test class: QABootcamp_Maven.Redz_Mobile_Testing.Comment_Test</td>
<td></td>
<td>3</td>
<td>QABootcamp_Maven.Redz_Mobile_Testing.Comment_Test@7c7a06ec</td></tr>
</table><p>
</body>
</html>