<?xml version="1.0" encoding="UTF-8"?>
<!-- Generated by org.testng.reporters.JUnitXMLReporter -->
<testsuite ignored="10" hostname="Jo-Sabet" failures="3" tests="26" name="Test" time="201.647" errors="0" timestamp="2025-09-22T11:54:32 EEST">
  <testcase classname="QABootcamp_Maven.Redz_Mobile_Testing.LogInTest" name="logIn" time="13.583"/>
  <testcase classname="QABootcamp_Maven.Redz_Mobile_Testing.LogInTest" name="logIn" time="6.0"/>
  <testcase classname="QABootcamp_Maven.Redz_Mobile_Testing.LogInTest" name="logIn" time="5.823"/>
  <testcase classname="QABootcamp_Maven.Redz_Mobile_Testing.LogInTest" name="logIn" time="5.899"/>
  <testcase classname="QABootcamp_Maven.Redz_Mobile_Testing.LogInTest" name="logIn" time="2.115"/>
  <testcase classname="QABootcamp_Maven.Redz_Mobile_Testing.Like_Test" name="checkLikeVideo" time="9.945"/>
  <testcase classname="QABootcamp_Maven.Redz_Mobile_Testing.Like_Test" name="checkUnLikeVideo" time="2.267"/>
  <testcase classname="QABootcamp_Maven.Redz_Mobile_Testing.Comment_Test" name="checkAddComment" time="6.139"/>
  <testcase classname="QABootcamp_Maven.Redz_Mobile_Testing.Comment_Test" name="checkLikeComment" time="7.339"/>
  <testcase classname="QABootcamp_Maven.Redz_Mobile_Testing.Comment_Test" name="checkUpdateComment" time="8.21"/>
  <testcase classname="QABootcamp_Maven.Redz_Mobile_Testing.Comment_Test" name="checkUnLikeComment" time="5.293">
    <failure type="org.openqa.selenium.StaleElementReferenceException" message="Cached elements &amp;apos;By.clazz: android.widget.TextView&amp;apos; do not exist in DOM anymore
For documentation on this error, please visit: https://www.seleniumhq.org/exceptions/stale_element_reference.html
Build info: version: &amp;apos;3.141.59&amp;apos;, revision: &amp;apos;e82be7d358&amp;apos;, time: &amp;apos;2018-11-14T08:17:03&amp;apos;
System info: host: &amp;apos;JO-SABET&amp;apos;, ip: &amp;apos;192.168.100.7&amp;apos;, os.name: &amp;apos;Windows 11&amp;apos;, os.arch: &amp;apos;amd64&amp;apos;, os.version: &amp;apos;10.0&amp;apos;, java.version: &amp;apos;17.0.12&amp;apos;
Driver info: io.appium.java_client.android.AndroidDriver
Capabilities {appActivity: com.homyt.thex.MainActivity, appPackage: com.homyt.thex, automationName: UiAutomator2, databaseEnabled: false, desired: {appActivity: com.homyt.thex.MainActivity, appPackage: com.homyt.thex, automationName: UiAutomator2, deviceName: Mohammad, noReset: true, platformName: android}, deviceApiLevel: 36, deviceManufacturer: Google, deviceModel: sdk_gphone64_x86_64, deviceName: emulator-5554, deviceScreenDensity: 480, deviceScreenSize: 1344x2992, deviceUDID: emulator-5554, javascriptEnabled: true, locationContextEnabled: false, networkConnectionEnabled: true, noReset: true, pixelRatio: 3, platform: LINUX, platformName: Android, platformVersion: 16, statBarHeight: 151, takesScreenshot: true, viewportRect: {height: 2841, left: 0, top: 151, width: 1344}, warnings: {}, webStorageEnabled: false}
Session ID: 2397b409-1d4d-422f-bcad-657fee1b1628">
      <![CDATA[org.openqa.selenium.StaleElementReferenceException: Cached elements 'By.clazz: android.widget.TextView' do not exist in DOM anymore
For documentation on this error, please visit: https://www.seleniumhq.org/exceptions/stale_element_reference.html
Build info: version: '3.141.59', revision: 'e82be7d358', time: '2018-11-14T08:17:03'
System info: host: 'JO-SABET', ip: '192.168.100.7', os.name: 'Windows 11', os.arch: 'amd64', os.version: '10.0', java.version: '17.0.12'
Driver info: io.appium.java_client.android.AndroidDriver
Capabilities {appActivity: com.homyt.thex.MainActivity, appPackage: com.homyt.thex, automationName: UiAutomator2, databaseEnabled: false, desired: {appActivity: com.homyt.thex.MainActivity, appPackage: com.homyt.thex, automationName: UiAutomator2, deviceName: Mohammad, noReset: true, platformName: android}, deviceApiLevel: 36, deviceManufacturer: Google, deviceModel: sdk_gphone64_x86_64, deviceName: emulator-5554, deviceScreenDensity: 480, deviceScreenSize: 1344x2992, deviceUDID: emulator-5554, javascriptEnabled: true, locationContextEnabled: false, networkConnectionEnabled: true, noReset: true, pixelRatio: 3, platform: LINUX, platformName: Android, platformVersion: 16, statBarHeight: 151, takesScreenshot: true, viewportRect: {height: 2841, left: 0, top: 151, width: 1344}, warnings: {}, webStorageEnabled: false}
Session ID: 2397b409-1d4d-422f-bcad-657fee1b1628
at org.openqa.selenium.remote.http.W3CHttpResponseCodec.createException(W3CHttpResponseCodec.java:187)
at org.openqa.selenium.remote.http.W3CHttpResponseCodec.decode(W3CHttpResponseCodec.java:122)
at org.openqa.selenium.remote.http.W3CHttpResponseCodec.decode(W3CHttpResponseCodec.java:49)
at org.openqa.selenium.remote.HttpCommandExecutor.execute(HttpCommandExecutor.java:158)
at io.appium.java_client.remote.AppiumCommandExecutor.execute(AppiumCommandExecutor.java:250)
at org.openqa.selenium.remote.RemoteWebDriver.execute(RemoteWebDriver.java:552)
at io.appium.java_client.DefaultGenericMobileDriver.execute(DefaultGenericMobileDriver.java:41)
at io.appium.java_client.AppiumDriver.execute(AppiumDriver.java:1)
at io.appium.java_client.android.AndroidDriver.execute(AndroidDriver.java:1)
at org.openqa.selenium.remote.RemoteWebElement.execute(RemoteWebElement.java:285)
at io.appium.java_client.DefaultGenericMobileElement.execute(DefaultGenericMobileElement.java:45)
at io.appium.java_client.MobileElement.execute(MobileElement.java:1)
at io.appium.java_client.android.AndroidElement.execute(AndroidElement.java:1)
at org.openqa.selenium.remote.RemoteWebElement.getText(RemoteWebElement.java:166)
at QABootcamp_Maven.Redz_Mobile_Testing.Comment.hasLikes(Comment.java:118)
at QABootcamp_Maven.Redz_Mobile_Testing.Comment_Test.checkUnLikeComment(Comment_Test.java:54)
at java.base/java.util.ArrayList.forEach(ArrayList.java:1511)
... Removed 32 stack frames]]>
    </failure>
  </testcase> <!-- checkUnLikeComment -->
  <testcase classname="QABootcamp_Maven.Redz_Mobile_Testing.Comment_Test" name="checkReplayComment" time="3.009"/>
  <testcase classname="QABootcamp_Maven.Redz_Mobile_Testing.Comment_Test" name="checkNestidReplayComment" time="2.268"/>
  <testcase classname="QABootcamp_Maven.Redz_Mobile_Testing.Comment_Test" name="checkDeleteComment" time="10.303"/>
  <testcase classname="QABootcamp_Maven.Redz_Mobile_Testing.Comment_Test" name="checkSaveVideo" time="3.986"/>
  <testcase classname="QABootcamp_Maven.Redz_Mobile_Testing.Comment_Test" name="checkUnSaveVideo" time="3.472"/>
  <testcase classname="QABootcamp_Maven.Redz_Mobile_Testing.Comment_Test" name="checkSendVideo" time="5.541"/>
  <testcase classname="QABootcamp_Maven.Redz_Mobile_Testing.FollowUnfollowTest" name="testFollowValidUser" time="13.363"/>
  <testcase classname="QABootcamp_Maven.Redz_Mobile_Testing.FollowUnfollowTest" name="testUnfollowUser" time="13.796"/>
  <testcase classname="QABootcamp_Maven.Redz_Mobile_Testing.FollowUnfollowTest" name="testFollowInvalidUser" time="3.991"/>
  <testcase classname="QABootcamp_Maven.Redz_Mobile_Testing.ChangeLocationTest" name="testChangeLocationValid" time="12.725"/>
  <testcase classname="QABootcamp_Maven.Redz_Mobile_Testing.ChangeLocationTest" name="testChangeLocationInvalidChars" time="7.009"/>
  <testcase classname="QABootcamp_Maven.Redz_Mobile_Testing.ChangeLocationTest" name="testChangeLocationBlankField" time="5.531"/>
  <testcase classname="QABootcamp_Maven.Redz_Mobile_Testing.ChangeLocationTest" name="testChangeLocationUIUpdate" time="8.954"/>
  <testcase classname="QABootcamp_Maven.Redz_Mobile_Testing.SendMessageTest" name="testSendMessageValid" time="11.933">
    <failure type="org.openqa.selenium.NoSuchElementException" message="An element could not be located on the page using the given search parameters.
For documentation on this error, please visit: https://www.seleniumhq.org/exceptions/no_such_element.html
Build info: version: &amp;apos;3.141.59&amp;apos;, revision: &amp;apos;e82be7d358&amp;apos;, time: &amp;apos;2018-11-14T08:17:03&amp;apos;
System info: host: &amp;apos;JO-SABET&amp;apos;, ip: &amp;apos;192.168.100.7&amp;apos;, os.name: &amp;apos;Windows 11&amp;apos;, os.arch: &amp;apos;amd64&amp;apos;, os.version: &amp;apos;10.0&amp;apos;, java.version: &amp;apos;17.0.12&amp;apos;
Driver info: io.appium.java_client.android.AndroidDriver
Capabilities {appActivity: com.homyt.thex.MainActivity, appPackage: com.homyt.thex, automationName: UiAutomator2, databaseEnabled: false, desired: {appActivity: com.homyt.thex.MainActivity, appPackage: com.homyt.thex, automationName: UiAutomator2, deviceName: Mohammad, noReset: true, platformName: android}, deviceApiLevel: 36, deviceManufacturer: Google, deviceModel: sdk_gphone64_x86_64, deviceName: emulator-5554, deviceScreenDensity: 480, deviceScreenSize: 1344x2992, deviceUDID: emulator-5554, javascriptEnabled: true, locationContextEnabled: false, networkConnectionEnabled: true, noReset: true, pixelRatio: 3, platform: LINUX, platformName: Android, platformVersion: 16, statBarHeight: 151, takesScreenshot: true, viewportRect: {height: 2841, left: 0, top: 151, width: 1344}, warnings: {}, webStorageEnabled: false}
Session ID: 2397b409-1d4d-422f-bcad-657fee1b1628
*** Element info: {Using=xpath, value=//android.widget.EditText}">
      <![CDATA[org.openqa.selenium.NoSuchElementException: An element could not be located on the page using the given search parameters.
For documentation on this error, please visit: https://www.seleniumhq.org/exceptions/no_such_element.html
Build info: version: '3.141.59', revision: 'e82be7d358', time: '2018-11-14T08:17:03'
System info: host: 'JO-SABET', ip: '192.168.100.7', os.name: 'Windows 11', os.arch: 'amd64', os.version: '10.0', java.version: '17.0.12'
Driver info: io.appium.java_client.android.AndroidDriver
Capabilities {appActivity: com.homyt.thex.MainActivity, appPackage: com.homyt.thex, automationName: UiAutomator2, databaseEnabled: false, desired: {appActivity: com.homyt.thex.MainActivity, appPackage: com.homyt.thex, automationName: UiAutomator2, deviceName: Mohammad, noReset: true, platformName: android}, deviceApiLevel: 36, deviceManufacturer: Google, deviceModel: sdk_gphone64_x86_64, deviceName: emulator-5554, deviceScreenDensity: 480, deviceScreenSize: 1344x2992, deviceUDID: emulator-5554, javascriptEnabled: true, locationContextEnabled: false, networkConnectionEnabled: true, noReset: true, pixelRatio: 3, platform: LINUX, platformName: Android, platformVersion: 16, statBarHeight: 151, takesScreenshot: true, viewportRect: {height: 2841, left: 0, top: 151, width: 1344}, warnings: {}, webStorageEnabled: false}
Session ID: 2397b409-1d4d-422f-bcad-657fee1b1628
*** Element info: {Using=xpath, value=//android.widget.EditText}
at org.openqa.selenium.remote.http.W3CHttpResponseCodec.createException(W3CHttpResponseCodec.java:187)
at org.openqa.selenium.remote.http.W3CHttpResponseCodec.decode(W3CHttpResponseCodec.java:122)
at org.openqa.selenium.remote.http.W3CHttpResponseCodec.decode(W3CHttpResponseCodec.java:49)
at org.openqa.selenium.remote.HttpCommandExecutor.execute(HttpCommandExecutor.java:158)
at io.appium.java_client.remote.AppiumCommandExecutor.execute(AppiumCommandExecutor.java:250)
at org.openqa.selenium.remote.RemoteWebDriver.execute(RemoteWebDriver.java:552)
at io.appium.java_client.DefaultGenericMobileDriver.execute(DefaultGenericMobileDriver.java:41)
at io.appium.java_client.AppiumDriver.execute(AppiumDriver.java:1)
at io.appium.java_client.android.AndroidDriver.execute(AndroidDriver.java:1)
at org.openqa.selenium.remote.RemoteWebDriver.findElement(RemoteWebDriver.java:323)
at io.appium.java_client.DefaultGenericMobileDriver.findElement(DefaultGenericMobileDriver.java:61)
at io.appium.java_client.AppiumDriver.findElement(AppiumDriver.java:1)
at io.appium.java_client.android.AndroidDriver.findElement(AndroidDriver.java:1)
at org.openqa.selenium.remote.RemoteWebDriver.findElementByXPath(RemoteWebDriver.java:428)
at io.appium.java_client.DefaultGenericMobileDriver.findElementByXPath(DefaultGenericMobileDriver.java:151)
at io.appium.java_client.AppiumDriver.findElementByXPath(AppiumDriver.java:1)
at io.appium.java_client.android.AndroidDriver.findElementByXPath(AndroidDriver.java:1)
at org.openqa.selenium.By$ByXPath.findElement(By.java:353)
at org.openqa.selenium.remote.RemoteWebDriver.findElement(RemoteWebDriver.java:315)
at io.appium.java_client.DefaultGenericMobileDriver.findElement(DefaultGenericMobileDriver.java:57)
at io.appium.java_client.AppiumDriver.findElement(AppiumDriver.java:1)
at io.appium.java_client.android.AndroidDriver.findElement(AndroidDriver.java:1)
at QABootcamp_Maven.Redz_Mobile_Testing.SendMessagePage.writeMessage(SendMessagePage.java:40)
at QABootcamp_Maven.Redz_Mobile_Testing.SendMessageTest.testSendMessageValid(SendMessageTest.java:28)
at java.base/java.util.ArrayList.forEach(ArrayList.java:1511)
... Removed 31 stack frames]]>
    </failure>
  </testcase> <!-- testSendMessageValid -->
  <testcase classname="QABootcamp_Maven.Redz_Mobile_Testing.SendMessageTest" name="testSendEmptyMessage" time="15.531">
    <failure type="org.openqa.selenium.TimeoutException" message="Expected condition failed: waiting for element to be clickable: By.xpath: //android.view.View[@content-desc=&amp;quot;explore_tab_bar&amp;quot;] (tried for 15 second(s) with 500 milliseconds interval)">
      <![CDATA[org.openqa.selenium.TimeoutException: Expected condition failed: waiting for element to be clickable: By.xpath: //android.view.View[@content-desc="explore_tab_bar"] (tried for 15 second(s) with 500 milliseconds interval)
at org.openqa.selenium.support.ui.WebDriverWait.timeoutException(WebDriverWait.java:95)
at org.openqa.selenium.support.ui.FluentWait.until(FluentWait.java:272)
at QABootcamp_Maven.Redz_Mobile_Testing.FollowUnfollowPage.openExplore(FollowUnfollowPage.java:34)
at QABootcamp_Maven.Redz_Mobile_Testing.SendMessageTest.testSendEmptyMessage(SendMessageTest.java:37)
at java.base/java.util.ArrayList.forEach(ArrayList.java:1511)
Caused by: org.openqa.selenium.NoSuchElementException: An element could not be located on the page using the given search parameters.
For documentation on this error, please visit: https://www.seleniumhq.org/exceptions/no_such_element.html
Build info: version: '3.141.59', revision: 'e82be7d358', time: '2018-11-14T08:17:03'
System info: host: 'JO-SABET', ip: '192.168.100.7', os.name: 'Windows 11', os.arch: 'amd64', os.version: '10.0', java.version: '17.0.12'
Driver info: io.appium.java_client.android.AndroidDriver
Capabilities {appActivity: com.homyt.thex.MainActivity, appPackage: com.homyt.thex, automationName: UiAutomator2, databaseEnabled: false, desired: {appActivity: com.homyt.thex.MainActivity, appPackage: com.homyt.thex, automationName: UiAutomator2, deviceName: Mohammad, noReset: true, platformName: android}, deviceApiLevel: 36, deviceManufacturer: Google, deviceModel: sdk_gphone64_x86_64, deviceName: emulator-5554, deviceScreenDensity: 480, deviceScreenSize: 1344x2992, deviceUDID: emulator-5554, javascriptEnabled: true, locationContextEnabled: false, networkConnectionEnabled: true, noReset: true, pixelRatio: 3, platform: LINUX, platformName: Android, platformVersion: 16, statBarHeight: 151, takesScreenshot: true, viewportRect: {height: 2841, left: 0, top: 151, width: 1344}, warnings: {}, webStorageEnabled: false}
Session ID: 2397b409-1d4d-422f-bcad-657fee1b1628
*** Element info: {Using=xpath, value=//android.view.View[@content-desc="explore_tab_bar"]}
at org.openqa.selenium.remote.http.W3CHttpResponseCodec.createException(W3CHttpResponseCodec.java:187)
at org.openqa.selenium.remote.http.W3CHttpResponseCodec.decode(W3CHttpResponseCodec.java:122)
at org.openqa.selenium.remote.http.W3CHttpResponseCodec.decode(W3CHttpResponseCodec.java:49)
at org.openqa.selenium.remote.HttpCommandExecutor.execute(HttpCommandExecutor.java:158)
at io.appium.java_client.remote.AppiumCommandExecutor.execute(AppiumCommandExecutor.java:250)
at org.openqa.selenium.remote.RemoteWebDriver.execute(RemoteWebDriver.java:552)
at io.appium.java_client.DefaultGenericMobileDriver.execute(DefaultGenericMobileDriver.java:41)
at io.appium.java_client.AppiumDriver.execute(AppiumDriver.java:1)
at io.appium.java_client.android.AndroidDriver.execute(AndroidDriver.java:1)
at org.openqa.selenium.remote.RemoteWebDriver.findElement(RemoteWebDriver.java:323)
at io.appium.java_client.DefaultGenericMobileDriver.findElement(DefaultGenericMobileDriver.java:61)
at io.appium.java_client.AppiumDriver.findElement(AppiumDriver.java:1)
at io.appium.java_client.android.AndroidDriver.findElement(AndroidDriver.java:1)
at org.openqa.selenium.remote.RemoteWebDriver.findElementByXPath(RemoteWebDriver.java:428)
at io.appium.java_client.DefaultGenericMobileDriver.findElementByXPath(DefaultGenericMobileDriver.java:151)
at io.appium.java_client.AppiumDriver.findElementByXPath(AppiumDriver.java:1)
at io.appium.java_client.android.AndroidDriver.findElementByXPath(AndroidDriver.java:1)
at org.openqa.selenium.By$ByXPath.findElement(By.java:353)
at org.openqa.selenium.remote.RemoteWebDriver.findElement(RemoteWebDriver.java:315)
at io.appium.java_client.DefaultGenericMobileDriver.findElement(DefaultGenericMobileDriver.java:57)
at io.appium.java_client.AppiumDriver.findElement(AppiumDriver.java:1)
at io.appium.java_client.android.AndroidDriver.findElement(AndroidDriver.java:1)
at org.openqa.selenium.support.ui.ExpectedConditions$7.apply(ExpectedConditions.java:205)
at org.openqa.selenium.support.ui.ExpectedConditions$7.apply(ExpectedConditions.java:201)
at org.openqa.selenium.support.ui.ExpectedConditions$22.apply(ExpectedConditions.java:641)
at org.openqa.selenium.support.ui.ExpectedConditions$22.apply(ExpectedConditions.java:638)
at org.openqa.selenium.support.ui.FluentWait.until(FluentWait.java:249)
... 30 more
... Removed 31 stack frames]]>
    </failure>
  </testcase> <!-- testSendEmptyMessage -->
  <testcase classname="QABootcamp_Maven.Redz_Mobile_Testing.TestBase" name="@AfterTest TearDown" time="0.0">
    <ignored/>
  </testcase> <!-- @AfterTest TearDown -->
  <testcase classname="QABootcamp_Maven.Redz_Mobile_Testing.TestBase" name="@BeforeTest setUp" time="0.0">
    <ignored/>
  </testcase> <!-- @BeforeTest setUp -->
  <testcase classname="QABootcamp_Maven.Redz_Mobile_Testing.TestBase" name="@BeforeTest setUp" time="0.0">
    <ignored/>
  </testcase> <!-- @BeforeTest setUp -->
  <testcase classname="QABootcamp_Maven.Redz_Mobile_Testing.TestBase" name="@AfterTest TearDown" time="0.0">
    <ignored/>
  </testcase> <!-- @AfterTest TearDown -->
  <testcase classname="QABootcamp_Maven.Redz_Mobile_Testing.TestBase" name="@AfterTest TearDown" time="0.0">
    <ignored/>
  </testcase> <!-- @AfterTest TearDown -->
  <testcase classname="QABootcamp_Maven.Redz_Mobile_Testing.TestBase" name="@BeforeTest setUp" time="0.0">
    <ignored/>
  </testcase> <!-- @BeforeTest setUp -->
  <testcase classname="QABootcamp_Maven.Redz_Mobile_Testing.TestBase" name="@AfterTest TearDown" time="0.0">
    <ignored/>
  </testcase> <!-- @AfterTest TearDown -->
  <testcase classname="QABootcamp_Maven.Redz_Mobile_Testing.TestBase" name="@AfterTest TearDown" time="0.0">
    <ignored/>
  </testcase> <!-- @AfterTest TearDown -->
  <testcase classname="QABootcamp_Maven.Redz_Mobile_Testing.TestBase" name="@BeforeTest setUp" time="0.0">
    <ignored/>
  </testcase> <!-- @BeforeTest setUp -->
  <testcase classname="QABootcamp_Maven.Redz_Mobile_Testing.TestBase" name="@BeforeTest setUp" time="0.0">
    <ignored/>
  </testcase> <!-- @BeforeTest setUp -->
</testsuite> <!-- Test -->
