<?xml version="1.0" encoding="UTF-8"?>
<!-- Generated by org.testng.reporters.JUnitReportReporter -->
<testsuite hostname="Jo-Sabet" failures="0" tests="10" name="QABootcamp_Maven.Redz_Mobile_Testing.Comment_Test" time="55.560" errors="1" timestamp="2025-09-22T11:54:32 EEST" skipped="0">
  <testcase classname="QABootcamp_Maven.Redz_Mobile_Testing.Comment_Test" name="checkAddComment" time="6.139"/>
  <testcase classname="QABootcamp_Maven.Redz_Mobile_Testing.Comment_Test" name="checkLikeComment" time="7.339"/>
  <testcase classname="QABootcamp_Maven.Redz_Mobile_Testing.Comment_Test" name="checkUpdateComment" time="8.210"/>
  <testcase classname="QABootcamp_Maven.Redz_Mobile_Testing.Comment_Test" name="checkUnLikeComment" time="5.293">
    <error message="Cached elements &#039;By.clazz: android.widget.TextView&#039; do not exist in DOM anymore
For documentation on this error, please visit: https://www.seleniumhq.org/exceptions/stale_element_reference.html
Build info: version: &#039;3.141.59&#039;, revision: &#039;e82be7d358&#039;, time: &#039;2018-11-14T08:17:03&#039;
System info: host: &#039;JO-SABET&#039;, ip: &#039;192.168.100.7&#039;, os.name: &#039;Windows 11&#039;, os.arch: &#039;amd64&#039;, os.version: &#039;10.0&#039;, java.version: &#039;17.0.12&#039;
Driver info: io.appium.java_client.android.AndroidDriver
Capabilities {appActivity: com.homyt.thex.MainActivity, appPackage: com.homyt.thex, automationName: UiAutomator2, databaseEnabled: false, desired: {appActivity: com.homyt.thex.MainActivity, appPackage: com.homyt.thex, automationName: UiAutomator2, deviceName: Mohammad, noReset: true, platformName: android}, deviceApiLevel: 36, deviceManufacturer: Google, deviceModel: sdk_gphone64_x86_64, deviceName: emulator-5554, deviceScreenDensity: 480, deviceScreenSize: 1344x2992, deviceUDID: emulator-5554, javascriptEnabled: true, locationContextEnabled: false, networkConnectionEnabled: true, noReset: true, pixelRatio: 3, platform: LINUX, platformName: Android, platformVersion: 16, statBarHeight: 151, takesScreenshot: true, viewportRect: {height: 2841, left: 0, top: 151, width: 1344}, warnings: {}, webStorageEnabled: false}
Session ID: 2397b409-1d4d-422f-bcad-657fee1b1628" type="org.openqa.selenium.StaleElementReferenceException">
      <![CDATA[org.openqa.selenium.StaleElementReferenceException: Cached elements 'By.clazz: android.widget.TextView' do not exist in DOM anymore
For documentation on this error, please visit: https://www.seleniumhq.org/exceptions/stale_element_reference.html
Build info: version: '3.141.59', revision: 'e82be7d358', time: '2018-11-14T08:17:03'
System info: host: 'JO-SABET', ip: '192.168.100.7', os.name: 'Windows 11', os.arch: 'amd64', os.version: '10.0', java.version: '17.0.12'
Driver info: io.appium.java_client.android.AndroidDriver
Capabilities {appActivity: com.homyt.thex.MainActivity, appPackage: com.homyt.thex, automationName: UiAutomator2, databaseEnabled: false, desired: {appActivity: com.homyt.thex.MainActivity, appPackage: com.homyt.thex, automationName: UiAutomator2, deviceName: Mohammad, noReset: true, platformName: android}, deviceApiLevel: 36, deviceManufacturer: Google, deviceModel: sdk_gphone64_x86_64, deviceName: emulator-5554, deviceScreenDensity: 480, deviceScreenSize: 1344x2992, deviceUDID: emulator-5554, javascriptEnabled: true, locationContextEnabled: false, networkConnectionEnabled: true, noReset: true, pixelRatio: 3, platform: LINUX, platformName: Android, platformVersion: 16, statBarHeight: 151, takesScreenshot: true, viewportRect: {height: 2841, left: 0, top: 151, width: 1344}, warnings: {}, webStorageEnabled: false}
Session ID: 2397b409-1d4d-422f-bcad-657fee1b1628
at java.base/jdk.internal.reflect.NativeConstructorAccessorImpl.newInstance0(Native Method)
at java.base/jdk.internal.reflect.NativeConstructorAccessorImpl.newInstance(NativeConstructorAccessorImpl.java:77)
at java.base/jdk.internal.reflect.DelegatingConstructorAccessorImpl.newInstance(DelegatingConstructorAccessorImpl.java:45)
at java.base/java.lang.reflect.Constructor.newInstanceWithCaller(Constructor.java:499)
at java.base/java.lang.reflect.Constructor.newInstance(Constructor.java:480)
at org.openqa.selenium.remote.http.W3CHttpResponseCodec.createException(W3CHttpResponseCodec.java:187)
at org.openqa.selenium.remote.http.W3CHttpResponseCodec.decode(W3CHttpResponseCodec.java:122)
at org.openqa.selenium.remote.http.W3CHttpResponseCodec.decode(W3CHttpResponseCodec.java:49)
at org.openqa.selenium.remote.HttpCommandExecutor.execute(HttpCommandExecutor.java:158)
at io.appium.java_client.remote.AppiumCommandExecutor.execute(AppiumCommandExecutor.java:250)
at org.openqa.selenium.remote.RemoteWebDriver.execute(RemoteWebDriver.java:552)
at io.appium.java_client.DefaultGenericMobileDriver.execute(DefaultGenericMobileDriver.java:41)
at io.appium.java_client.AppiumDriver.execute(AppiumDriver.java:1)
at io.appium.java_client.android.AndroidDriver.execute(AndroidDriver.java:1)
at org.openqa.selenium.remote.RemoteWebElement.execute(RemoteWebElement.java:285)
at io.appium.java_client.DefaultGenericMobileElement.execute(DefaultGenericMobileElement.java:45)
at io.appium.java_client.MobileElement.execute(MobileElement.java:1)
at io.appium.java_client.android.AndroidElement.execute(AndroidElement.java:1)
at org.openqa.selenium.remote.RemoteWebElement.getText(RemoteWebElement.java:166)
at QABootcamp_Maven.Redz_Mobile_Testing.Comment.hasLikes(Comment.java:118)
at QABootcamp_Maven.Redz_Mobile_Testing.Comment_Test.checkUnLikeComment(Comment_Test.java:54)
at java.base/jdk.internal.reflect.NativeMethodAccessorImpl.invoke0(Native Method)
at java.base/jdk.internal.reflect.NativeMethodAccessorImpl.invoke(NativeMethodAccessorImpl.java:77)
at java.base/jdk.internal.reflect.DelegatingMethodAccessorImpl.invoke(DelegatingMethodAccessorImpl.java:43)
at java.base/java.lang.reflect.Method.invoke(Method.java:568)
at org.testng.internal.invokers.MethodInvocationHelper.invokeMethod(MethodInvocationHelper.java:141)
at org.testng.internal.invokers.TestInvoker.invokeMethod(TestInvoker.java:687)
at org.testng.internal.invokers.TestInvoker.invokeTestMethod(TestInvoker.java:230)
at org.testng.internal.invokers.MethodRunner.runInSequence(MethodRunner.java:63)
at org.testng.internal.invokers.TestInvoker$MethodInvocationAgent.invoke(TestInvoker.java:995)
at org.testng.internal.invokers.TestInvoker.invokeTestMethods(TestInvoker.java:203)
at org.testng.internal.invokers.TestMethodWorker.invokeTestMethods(TestMethodWorker.java:154)
at org.testng.internal.invokers.TestMethodWorker.run(TestMethodWorker.java:134)
at java.base/java.util.ArrayList.forEach(ArrayList.java:1511)
at org.testng.TestRunner.privateRun(TestRunner.java:741)
at org.testng.TestRunner.run(TestRunner.java:616)
at org.testng.SuiteRunner.runTest(SuiteRunner.java:421)
at org.testng.SuiteRunner.runSequentially(SuiteRunner.java:413)
at org.testng.SuiteRunner.privateRun(SuiteRunner.java:373)
at org.testng.SuiteRunner.run(SuiteRunner.java:312)
at org.testng.SuiteRunnerWorker.runSuite(SuiteRunnerWorker.java:52)
at org.testng.SuiteRunnerWorker.run(SuiteRunnerWorker.java:95)
at org.testng.TestNG.runSuitesSequentially(TestNG.java:1274)
at org.testng.TestNG.runSuitesLocally(TestNG.java:1208)
at org.testng.TestNG.runSuites(TestNG.java:1112)
at org.testng.TestNG.run(TestNG.java:1079)
at org.testng.remote.AbstractRemoteTestNG.run(AbstractRemoteTestNG.java:115)
at org.testng.remote.RemoteTestNG.initAndRun(RemoteTestNG.java:293)
at org.testng.remote.RemoteTestNG.main(RemoteTestNG.java:91)
]]>
    </error>
  </testcase> <!-- checkUnLikeComment -->
  <testcase classname="QABootcamp_Maven.Redz_Mobile_Testing.Comment_Test" name="checkReplayComment" time="3.009"/>
  <testcase classname="QABootcamp_Maven.Redz_Mobile_Testing.Comment_Test" name="checkNestidReplayComment" time="2.268"/>
  <testcase classname="QABootcamp_Maven.Redz_Mobile_Testing.Comment_Test" name="checkDeleteComment" time="10.303"/>
  <testcase classname="QABootcamp_Maven.Redz_Mobile_Testing.Comment_Test" name="checkSaveVideo" time="3.986"/>
  <testcase classname="QABootcamp_Maven.Redz_Mobile_Testing.Comment_Test" name="checkUnSaveVideo" time="3.472"/>
  <testcase classname="QABootcamp_Maven.Redz_Mobile_Testing.Comment_Test" name="checkSendVideo" time="5.541"/>
</testsuite> <!-- QABootcamp_Maven.Redz_Mobile_Testing.Comment_Test -->
